<?xml version="1.0" encoding="UTF-8"?>
<!-- Generated by org.testng.reporters.JUnitXMLReporter -->
<testsuite hostname="LAPTOP-SMSC3E5O" ignored="0" name="Default test" tests="3" failures="0" timestamp="2022-01-07T17:21:51 EST" time="45.157" errors="0">
  <testcase name="SearchKeyword" time="3.821" classname="com.qa.SearchEngine"/>
  <testcase name="TotalLinkAttribute" time="0.441" classname="com.qa.SearchEngine"/>
  <testcase name="TotalLinkText" time="0.619" classname="com.qa.SearchEngine"/>
</testsuite> <!-- Default test -->
